0 info it worked if it ends with ok
1 verbose cli [ 'C:\\Program Files\\nodejs\\node.exe',
1 verbose cli   'C:\\Users\\amils\\AppData\\Roaming\\npm\\node_modules\\npm\\bin\\npm-cli.js',
1 verbose cli   'start' ]
2 info using npm@3.9.5
3 info using node@v4.4.5
4 verbose run-script [ 'prestart', 'start', 'poststart' ]
5 info lifecycle LoginExampleApp@0.0.0~prestart: LoginExampleApp@0.0.0
6 silly lifecycle LoginExampleApp@0.0.0~prestart: no script for prestart, continuing
7 info lifecycle LoginExampleApp@0.0.0~start: LoginExampleApp@0.0.0
8 verbose lifecycle LoginExampleApp@0.0.0~start: unsafe-perm in lifecycle true
9 verbose lifecycle LoginExampleApp@0.0.0~start: PATH: C:\Users\amils\AppData\Roaming\npm\node_modules\npm\bin\node-gyp-bin;C:\Users\amils\Desktop\LoginExampleApp\node_modules\.bin;C:\Program Files\nodejs;C:\Program Files\Haskell\bin;C:\Program Files\Haskell Platform\7.10.3\lib\extralibs\bin;C:\Program Files\Haskell Platform\7.10.3\bin;C:\Python34\Lib\site-packages\PyQt4;C:\Windows\system32;C:\Windows;C:\Windows\System32\Wbem;C:\Windows\System32\WindowsPowerShell\v1.0\;C:\Program Files (x86)\Windows Kits\10\Windows Performance Toolkit\;C:\Program Files\Haskell Platform\7.10.3\mingw\bin;C:\Program Files (x86)\Skype\Phone\;C:\Program Files (x86)\NVIDIA Corporation\PhysX\Common;C:\ProgramData\chocolatey\bin;C:\Program Files\Java\jdk1.8.0_92\bin;C:\Program Files (x86)\GtkSharp\2.12\bin;C:\Program Files (x86)\CMake\bin;C:\Program Files\nodejs\;C:\Program Files (x86)\Brackets\command;C:\Program Files (x86)\gdipp\;C:\Program Files (x86)\MacType;C:\Windows\system32\config\systemprofile\.dnx\bin;C:\Program Files\Microsoft DNX\Dnvm\;C:\Program Files\Git\cmd;C:\Program Files\Microsoft SQL Server\130\Tools\Binn\;C:\Program Files (x86)\Heroku\bin;C:\Program Files (x86)\git\cmd;C:\opencv\opencv\build\x64\vc14\bin;C:\Users\amils\AppData\Roaming\cabal\bin;C:\Users\amils\AppData\Local\atom\bin;C:\Users\amils\AppData\Roaming\npm;C:\Program Files (x86)\Microsoft VS Code\bin
10 verbose lifecycle LoginExampleApp@0.0.0~start: CWD: C:\Users\amils\Desktop\LoginExampleApp
11 silly lifecycle LoginExampleApp@0.0.0~start: Args: [ '/d /s /c', 'node ./bin/www' ]
12 silly lifecycle LoginExampleApp@0.0.0~start: Returned: code: 3221225786  signal: null
13 info lifecycle LoginExampleApp@0.0.0~start: Failed to exec start script
14 verbose stack Error: LoginExampleApp@0.0.0 start: `node ./bin/www`
14 verbose stack Exit status 3221225786
14 verbose stack     at EventEmitter.<anonymous> (C:\Users\amils\AppData\Roaming\npm\node_modules\npm\lib\utils\lifecycle.js:245:16)
14 verbose stack     at emitTwo (events.js:87:13)
14 verbose stack     at EventEmitter.emit (events.js:172:7)
14 verbose stack     at ChildProcess.<anonymous> (C:\Users\amils\AppData\Roaming\npm\node_modules\npm\lib\utils\spawn.js:24:14)
14 verbose stack     at emitTwo (events.js:87:13)
14 verbose stack     at ChildProcess.emit (events.js:172:7)
14 verbose stack     at maybeClose (internal/child_process.js:827:16)
14 verbose stack     at Process.ChildProcess._handle.onexit (internal/child_process.js:211:5)
15 verbose pkgid LoginExampleApp@0.0.0
16 verbose cwd C:\Users\amils\Desktop\LoginExampleApp
17 error Windows_NT 10.0.10586
18 error argv "C:\\Program Files\\nodejs\\node.exe" "C:\\Users\\amils\\AppData\\Roaming\\npm\\node_modules\\npm\\bin\\npm-cli.js" "start"
19 error node v4.4.5
20 error npm  v3.9.5
21 error code ELIFECYCLE
22 error LoginExampleApp@0.0.0 start: `node ./bin/www`
22 error Exit status 3221225786
23 error Failed at the LoginExampleApp@0.0.0 start script 'node ./bin/www'.
23 error Make sure you have the latest version of node.js and npm installed.
23 error If you do, this is most likely a problem with the LoginExampleApp package,
23 error not with npm itself.
23 error Tell the author that this fails on your system:
23 error     node ./bin/www
23 error You can get information on how to open an issue for this project with:
23 error     npm bugs LoginExampleApp
23 error Or if that isn't available, you can get their info via:
23 error     npm owner ls LoginExampleApp
23 error There is likely additional logging output above.
24 verbose exit [ 1, true ]
